<?xml version="1.0" encoding="UTF-8"?>
<!-- Generated by org.testng.reporters.JUnitReportReporter -->
<testsuite hostname="AliErdem" failures="0" tests="4" name="apiTest.test" time="3.689" errors="0" timestamp="2019-09-25T11:54:52 MSK" skipped="0">
  <testcase classname="apiTest.test" name="checkTitle" time="0.324"/>
  <testcase classname="apiTest.test" name="checkYear" time="0.289"/>
  <testcase classname="apiTest.test" name="checkReleased" time="2.775"/>
  <testcase classname="apiTest.test" name="checkStatusCode" time="0.301"/>
</testsuite> <!-- apiTest.test -->
